0 info it worked if it ends with ok
1 verbose cli [ 'E:\\node.exe',
1 verbose cli   'E:\\node_modules\\npm\\bin\\npm-cli.js',
1 verbose cli   'run',
1 verbose cli   'serve' ]
2 info using npm@3.10.9
3 info using node@v7.1.0
4 verbose run-script [ 'preserve', 'serve', 'postserve' ]
5 info lifecycle myapp@1.0.0~preserve: myapp@1.0.0
6 silly lifecycle myapp@1.0.0~preserve: no script for preserve, continuing
7 info lifecycle myapp@1.0.0~serve: myapp@1.0.0
8 verbose lifecycle myapp@1.0.0~serve: unsafe-perm in lifecycle true
9 verbose lifecycle myapp@1.0.0~serve: PATH: E:\node_modules\npm\bin\node-gyp-bin;D:\myproject\node_modules\.bin;C:\Windows\system32;C:\Windows;C:\Windows\System32\Wbem;C:\Windows\System32\WindowsPowerShell\v1.0\;C:\Program Files (x86)\Intel\OpenCL SDK\2.0\bin\x86;C:\Program Files (x86)\Intel\OpenCL SDK\2.0\bin\x64;E:\;F:\迅雷下载\Git\cmd;;F:\Microsoft VS Code\bin;C:\Users\Administrator\AppData\Roaming\npm
10 verbose lifecycle myapp@1.0.0~serve: CWD: D:\myproject
11 silly lifecycle myapp@1.0.0~serve: Args: [ '/d /s /c', 'concurrently " gulp  " "tsc -w" "lite-server" ' ]
12 silly lifecycle myapp@1.0.0~serve: Returned: code: 1  signal: null
13 info lifecycle myapp@1.0.0~serve: Failed to exec serve script
14 verbose stack Error: myapp@1.0.0 serve: `concurrently " gulp  " "tsc -w" "lite-server" `
14 verbose stack Exit status 1
14 verbose stack     at EventEmitter.<anonymous> (E:\node_modules\npm\lib\utils\lifecycle.js:255:16)
14 verbose stack     at emitTwo (events.js:106:13)
14 verbose stack     at EventEmitter.emit (events.js:191:7)
14 verbose stack     at ChildProcess.<anonymous> (E:\node_modules\npm\lib\utils\spawn.js:40:14)
14 verbose stack     at emitTwo (events.js:106:13)
14 verbose stack     at ChildProcess.emit (events.js:191:7)
14 verbose stack     at maybeClose (internal/child_process.js:885:16)
14 verbose stack     at Process.ChildProcess._handle.onexit (internal/child_process.js:226:5)
15 verbose pkgid myapp@1.0.0
16 verbose cwd D:\myproject
17 error Windows_NT 6.1.7601
18 error argv "E:\\node.exe" "E:\\node_modules\\npm\\bin\\npm-cli.js" "run" "serve"
19 error node v7.1.0
20 error npm  v3.10.9
21 error code ELIFECYCLE
22 error myapp@1.0.0 serve: `concurrently " gulp  " "tsc -w" "lite-server" `
22 error Exit status 1
23 error Failed at the myapp@1.0.0 serve script 'concurrently " gulp  " "tsc -w" "lite-server" '.
23 error Make sure you have the latest version of node.js and npm installed.
23 error If you do, this is most likely a problem with the myapp package,
23 error not with npm itself.
23 error Tell the author that this fails on your system:
23 error     concurrently " gulp  " "tsc -w" "lite-server"
23 error You can get information on how to open an issue for this project with:
23 error     npm bugs myapp
23 error Or if that isn't available, you can get their info via:
23 error     npm owner ls myapp
23 error There is likely additional logging output above.
24 verbose exit [ 1, true ]
